mode: set
github.com/BetterCallFirewall/Hackerecon/cmd/api.go:14.62,16.65 1 0
github.com/BetterCallFirewall/Hackerecon/cmd/api.go:16.65,17.55 1 0
github.com/BetterCallFirewall/Hackerecon/cmd/api.go:17.55,23.29 4 0
github.com/BetterCallFirewall/Hackerecon/cmd/api.go:23.29,26.5 2 0
github.com/BetterCallFirewall/Hackerecon/cmd/api.go:28.4,28.14 1 0
github.com/BetterCallFirewall/Hackerecon/cmd/api.go:34.2,34.98 1 0
github.com/BetterCallFirewall/Hackerecon/cmd/api.go:34.98,37.25 2 0
github.com/BetterCallFirewall/Hackerecon/cmd/api.go:37.25,40.4 2 0
github.com/BetterCallFirewall/Hackerecon/cmd/api.go:43.3,44.25 2 0
github.com/BetterCallFirewall/Hackerecon/cmd/api.go:44.25,47.4 2 0
github.com/BetterCallFirewall/Hackerecon/cmd/api.go:49.3,53.17 3 0
github.com/BetterCallFirewall/Hackerecon/cmd/api.go:53.17,57.4 3 0
github.com/BetterCallFirewall/Hackerecon/cmd/api.go:60.3,62.25 3 0
github.com/BetterCallFirewall/Hackerecon/cmd/api.go:62.25,64.4 1 0
github.com/BetterCallFirewall/Hackerecon/cmd/api.go:67.3,78.33 2 0
github.com/BetterCallFirewall/Hackerecon/cmd/api.go:82.2,85.89 2 0
github.com/BetterCallFirewall/Hackerecon/cmd/api.go:85.89,91.3 2 0
github.com/BetterCallFirewall/Hackerecon/cmd/api.go:94.2,100.46 6 0
github.com/BetterCallFirewall/Hackerecon/cmd/main.go:11.13,13.16 2 0
github.com/BetterCallFirewall/Hackerecon/cmd/main.go:13.16,15.3 1 0
github.com/BetterCallFirewall/Hackerecon/cmd/main.go:17.2,20.16 3 0
github.com/BetterCallFirewall/Hackerecon/cmd/main.go:20.16,22.3 1 0
github.com/BetterCallFirewall/Hackerecon/cmd/main.go:25.2,27.32 2 0
github.com/BetterCallFirewall/Hackerecon/internal/config/config.go:45.55,46.42 1 0
github.com/BetterCallFirewall/Hackerecon/internal/config/config.go:46.42,48.3 1 0
github.com/BetterCallFirewall/Hackerecon/internal/config/config.go:49.2,49.21 1 0
github.com/BetterCallFirewall/Hackerecon/internal/config/config.go:52.30,54.16 2 0
github.com/BetterCallFirewall/Hackerecon/internal/config/config.go:54.16,56.3 1 0
github.com/BetterCallFirewall/Hackerecon/internal/config/config.go:57.2,80.8 1 0
github.com/BetterCallFirewall/Hackerecon/internal/cert/cert_manager.go:28.59,34.36 2 0
github.com/BetterCallFirewall/Hackerecon/internal/cert/cert_manager.go:34.36,35.41 1 0
github.com/BetterCallFirewall/Hackerecon/internal/cert/cert_manager.go:35.41,37.4 1 0
github.com/BetterCallFirewall/Hackerecon/internal/cert/cert_manager.go:40.2,40.16 1 0
github.com/BetterCallFirewall/Hackerecon/internal/cert/cert_manager.go:43.39,45.16 2 0
github.com/BetterCallFirewall/Hackerecon/internal/cert/cert_manager.go:45.16,47.3 1 0
github.com/BetterCallFirewall/Hackerecon/internal/cert/cert_manager.go:49.2,64.16 3 0
github.com/BetterCallFirewall/Hackerecon/internal/cert/cert_manager.go:64.16,66.3 1 0
github.com/BetterCallFirewall/Hackerecon/internal/cert/cert_manager.go:68.2,71.16 3 0
github.com/BetterCallFirewall/Hackerecon/internal/cert/cert_manager.go:71.16,73.3 1 0
github.com/BetterCallFirewall/Hackerecon/internal/cert/cert_manager.go:74.2,79.16 4 0
github.com/BetterCallFirewall/Hackerecon/internal/cert/cert_manager.go:79.16,81.3 1 0
github.com/BetterCallFirewall/Hackerecon/internal/cert/cert_manager.go:82.2,94.12 5 0
github.com/BetterCallFirewall/Hackerecon/internal/cert/cert_manager.go:97.35,99.16 2 0
github.com/BetterCallFirewall/Hackerecon/internal/cert/cert_manager.go:99.16,101.3 1 0
github.com/BetterCallFirewall/Hackerecon/internal/cert/cert_manager.go:103.2,104.18 2 0
github.com/BetterCallFirewall/Hackerecon/internal/cert/cert_manager.go:104.18,106.3 1 0
github.com/BetterCallFirewall/Hackerecon/internal/cert/cert_manager.go:108.2,109.16 2 0
github.com/BetterCallFirewall/Hackerecon/internal/cert/cert_manager.go:109.16,111.3 1 0
github.com/BetterCallFirewall/Hackerecon/internal/cert/cert_manager.go:113.2,114.16 2 0
github.com/BetterCallFirewall/Hackerecon/internal/cert/cert_manager.go:114.16,116.3 1 0
github.com/BetterCallFirewall/Hackerecon/internal/cert/cert_manager.go:118.2,119.21 2 0
github.com/BetterCallFirewall/Hackerecon/internal/cert/cert_manager.go:119.21,121.3 1 0
github.com/BetterCallFirewall/Hackerecon/internal/cert/cert_manager.go:123.2,124.16 2 0
github.com/BetterCallFirewall/Hackerecon/internal/cert/cert_manager.go:124.16,126.3 1 0
github.com/BetterCallFirewall/Hackerecon/internal/cert/cert_manager.go:128.2,131.12 3 0
github.com/BetterCallFirewall/Hackerecon/internal/cert/cert_manager.go:134.74,136.36 2 0
github.com/BetterCallFirewall/Hackerecon/internal/cert/cert_manager.go:136.36,139.3 2 0
github.com/BetterCallFirewall/Hackerecon/internal/cert/cert_manager.go:140.2,145.36 4 0
github.com/BetterCallFirewall/Hackerecon/internal/cert/cert_manager.go:145.36,147.3 1 0
github.com/BetterCallFirewall/Hackerecon/internal/cert/cert_manager.go:149.2,150.16 2 0
github.com/BetterCallFirewall/Hackerecon/internal/cert/cert_manager.go:150.16,152.3 1 0
github.com/BetterCallFirewall/Hackerecon/internal/cert/cert_manager.go:154.2,168.40 3 0
github.com/BetterCallFirewall/Hackerecon/internal/cert/cert_manager.go:168.40,170.3 1 0
github.com/BetterCallFirewall/Hackerecon/internal/cert/cert_manager.go:170.8,172.3 1 0
github.com/BetterCallFirewall/Hackerecon/internal/cert/cert_manager.go:174.2,175.16 2 0
github.com/BetterCallFirewall/Hackerecon/internal/cert/cert_manager.go:175.16,177.3 1 0
github.com/BetterCallFirewall/Hackerecon/internal/cert/cert_manager.go:179.2,186.18 3 0
github.com/BetterCallFirewall/Hackerecon/internal/cert/cert_manager.go:189.39,191.2 1 0
github.com/BetterCallFirewall/Hackerecon/internal/models/site_context.go:16.47,22.2 1 0
github.com/BetterCallFirewall/Hackerecon/internal/websocket/hub.go:19.42,21.3 1 0
github.com/BetterCallFirewall/Hackerecon/internal/websocket/hub.go:31.46,35.2 1 0
github.com/BetterCallFirewall/Hackerecon/internal/websocket/hub.go:38.78,40.16 2 0
github.com/BetterCallFirewall/Hackerecon/internal/websocket/hub.go:40.16,43.3 2 0
github.com/BetterCallFirewall/Hackerecon/internal/websocket/hub.go:46.2,48.25 2 0
github.com/BetterCallFirewall/Hackerecon/internal/websocket/hub.go:48.25,51.3 2 0
github.com/BetterCallFirewall/Hackerecon/internal/websocket/hub.go:53.2,60.22 6 0
github.com/BetterCallFirewall/Hackerecon/internal/websocket/hub.go:64.56,66.16 2 0
github.com/BetterCallFirewall/Hackerecon/internal/websocket/hub.go:66.16,69.3 2 0
github.com/BetterCallFirewall/Hackerecon/internal/websocket/hub.go:70.2,73.17 4 0
github.com/BetterCallFirewall/Hackerecon/internal/websocket/hub.go:73.17,74.10 1 0
github.com/BetterCallFirewall/Hackerecon/internal/websocket/hub.go:75.32,75.32 0 0
github.com/BetterCallFirewall/Hackerecon/internal/websocket/hub.go:76.11,77.63 1 0
github.com/BetterCallFirewall/Hackerecon/internal/websocket/hub.go:79.8,81.3 1 0
github.com/BetterCallFirewall/Hackerecon/internal/websocket/hub.go:85.78,87.6 2 0
github.com/BetterCallFirewall/Hackerecon/internal/websocket/hub.go:87.6,88.10 1 0
github.com/BetterCallFirewall/Hackerecon/internal/websocket/hub.go:89.13,91.10 2 0
github.com/BetterCallFirewall/Hackerecon/internal/websocket/hub.go:92.37,94.11 2 0
github.com/BetterCallFirewall/Hackerecon/internal/websocket/hub.go:94.11,98.5 3 0
github.com/BetterCallFirewall/Hackerecon/internal/websocket/hub.go:99.4,100.76 2 0
github.com/BetterCallFirewall/Hackerecon/internal/websocket/hub.go:100.76,103.104 1 0
github.com/BetterCallFirewall/Hackerecon/internal/websocket/hub.go:103.104,105.6 1 0
github.com/BetterCallFirewall/Hackerecon/internal/websocket/hub.go:106.5,107.11 2 0
github.com/BetterCallFirewall/Hackerecon/internal/websocket/hub.go:114.77,115.15 1 0
github.com/BetterCallFirewall/Hackerecon/internal/websocket/hub.go:115.15,118.27 2 0
github.com/BetterCallFirewall/Hackerecon/internal/websocket/hub.go:118.27,122.4 3 0
github.com/BetterCallFirewall/Hackerecon/internal/websocket/hub.go:123.3,124.15 2 0
github.com/BetterCallFirewall/Hackerecon/internal/websocket/hub.go:127.2,127.6 1 0
github.com/BetterCallFirewall/Hackerecon/internal/websocket/hub.go:127.6,128.50 1 0
github.com/BetterCallFirewall/Hackerecon/internal/websocket/hub.go:128.50,129.103 1 0
github.com/BetterCallFirewall/Hackerecon/internal/websocket/hub.go:129.103,131.5 1 0
github.com/BetterCallFirewall/Hackerecon/internal/websocket/hub.go:132.4,132.9 1 0
github.com/BetterCallFirewall/Hackerecon/internal/llm/factory.go:34.56,35.18 1 0
github.com/BetterCallFirewall/Hackerecon/internal/llm/factory.go:36.26,37.27 1 0
github.com/BetterCallFirewall/Hackerecon/internal/llm/factory.go:37.27,39.4 1 0
github.com/BetterCallFirewall/Hackerecon/internal/llm/factory.go:40.3,40.22 1 0
github.com/BetterCallFirewall/Hackerecon/internal/llm/factory.go:40.22,42.4 1 0
github.com/BetterCallFirewall/Hackerecon/internal/llm/factory.go:43.3,43.58 1 0
github.com/BetterCallFirewall/Hackerecon/internal/llm/factory.go:45.27,46.24 1 0
github.com/BetterCallFirewall/Hackerecon/internal/llm/factory.go:46.24,48.4 1 0
github.com/BetterCallFirewall/Hackerecon/internal/llm/factory.go:49.3,57.9 1 0
github.com/BetterCallFirewall/Hackerecon/internal/llm/factory.go:59.10,60.64 1 0
github.com/BetterCallFirewall/Hackerecon/internal/llm/factory.go:70.56,80.2 2 0
github.com/BetterCallFirewall/Hackerecon/internal/llm/factory.go:86.57,95.2 1 0
github.com/BetterCallFirewall/Hackerecon/internal/llm/factory.go:101.58,110.2 1 0
github.com/BetterCallFirewall/Hackerecon/internal/llm/gemini.go:20.80,25.2 1 0
github.com/BetterCallFirewall/Hackerecon/internal/llm/gemini.go:31.45,43.16 3 0
github.com/BetterCallFirewall/Hackerecon/internal/llm/gemini.go:43.16,45.3 1 0
github.com/BetterCallFirewall/Hackerecon/internal/llm/gemini.go:48.2,54.20 4 0
github.com/BetterCallFirewall/Hackerecon/internal/llm/gemini.go:58.82,61.2 1 0
github.com/BetterCallFirewall/Hackerecon/internal/llm/gemini.go:67.40,78.16 3 0
github.com/BetterCallFirewall/Hackerecon/internal/llm/gemini.go:78.16,80.3 1 0
github.com/BetterCallFirewall/Hackerecon/internal/llm/gemini.go:83.2,83.27 1 0
github.com/BetterCallFirewall/Hackerecon/internal/llm/gemini.go:83.27,89.3 1 0
github.com/BetterCallFirewall/Hackerecon/internal/llm/gemini.go:90.2,92.20 2 0
github.com/BetterCallFirewall/Hackerecon/internal/llm/gemini.go:99.39,110.16 3 0
github.com/BetterCallFirewall/Hackerecon/internal/llm/gemini.go:110.16,112.3 1 0
github.com/BetterCallFirewall/Hackerecon/internal/llm/gemini.go:115.2,115.30 1 0
github.com/BetterCallFirewall/Hackerecon/internal/llm/gemini.go:115.30,117.43 2 0
github.com/BetterCallFirewall/Hackerecon/internal/llm/gemini.go:117.43,119.4 1 0
github.com/BetterCallFirewall/Hackerecon/internal/llm/gemini.go:120.3,120.43 1 0
github.com/BetterCallFirewall/Hackerecon/internal/llm/gemini.go:120.43,122.4 1 0
github.com/BetterCallFirewall/Hackerecon/internal/llm/gemini.go:123.3,123.33 1 0
github.com/BetterCallFirewall/Hackerecon/internal/llm/gemini.go:123.33,125.4 1 0
github.com/BetterCallFirewall/Hackerecon/internal/llm/gemini.go:128.2,128.20 1 0
github.com/BetterCallFirewall/Hackerecon/internal/llm/gemini.go:131.43,133.2 1 0
github.com/BetterCallFirewall/Hackerecon/internal/llm/gemini.go:135.44,137.2 1 0
github.com/BetterCallFirewall/Hackerecon/internal/llm/generic.go:52.61,54.20 1 0
github.com/BetterCallFirewall/Hackerecon/internal/llm/generic.go:54.20,56.3 1 0
github.com/BetterCallFirewall/Hackerecon/internal/llm/generic.go:57.2,57.22 1 0
github.com/BetterCallFirewall/Hackerecon/internal/llm/generic.go:57.22,59.3 1 0
github.com/BetterCallFirewall/Hackerecon/internal/llm/generic.go:60.2,60.21 1 0
github.com/BetterCallFirewall/Hackerecon/internal/llm/generic.go:60.21,62.3 1 0
github.com/BetterCallFirewall/Hackerecon/internal/llm/generic.go:64.2,73.3 1 0
github.com/BetterCallFirewall/Hackerecon/internal/llm/generic.go:80.45,86.16 3 0
github.com/BetterCallFirewall/Hackerecon/internal/llm/generic.go:86.16,88.3 1 0
github.com/BetterCallFirewall/Hackerecon/internal/llm/generic.go:91.2,92.16 2 0
github.com/BetterCallFirewall/Hackerecon/internal/llm/generic.go:92.16,94.3 1 0
github.com/BetterCallFirewall/Hackerecon/internal/llm/generic.go:95.2,99.16 3 0
github.com/BetterCallFirewall/Hackerecon/internal/llm/generic.go:99.16,101.3 1 0
github.com/BetterCallFirewall/Hackerecon/internal/llm/generic.go:104.2,104.42 1 0
github.com/BetterCallFirewall/Hackerecon/internal/llm/generic.go:104.42,106.3 1 0
github.com/BetterCallFirewall/Hackerecon/internal/llm/generic.go:109.2,110.16 2 0
github.com/BetterCallFirewall/Hackerecon/internal/llm/generic.go:110.16,112.3 1 0
github.com/BetterCallFirewall/Hackerecon/internal/llm/generic.go:115.2,125.48 5 0
github.com/BetterCallFirewall/Hackerecon/internal/llm/generic.go:125.48,128.68 2 0
github.com/BetterCallFirewall/Hackerecon/internal/llm/generic.go:128.68,132.4 2 0
github.com/BetterCallFirewall/Hackerecon/internal/llm/generic.go:132.9,136.4 2 0
github.com/BetterCallFirewall/Hackerecon/internal/llm/generic.go:137.3,137.59 1 0
github.com/BetterCallFirewall/Hackerecon/internal/llm/generic.go:141.2,141.38 1 0
github.com/BetterCallFirewall/Hackerecon/internal/llm/generic.go:141.38,143.3 1 0
github.com/BetterCallFirewall/Hackerecon/internal/llm/generic.go:144.2,144.36 1 0
github.com/BetterCallFirewall/Hackerecon/internal/llm/generic.go:144.36,146.3 1 0
github.com/BetterCallFirewall/Hackerecon/internal/llm/generic.go:147.2,147.37 1 0
github.com/BetterCallFirewall/Hackerecon/internal/llm/generic.go:147.37,149.3 1 0
github.com/BetterCallFirewall/Hackerecon/internal/llm/generic.go:152.2,156.40 3 0
github.com/BetterCallFirewall/Hackerecon/internal/llm/generic.go:156.40,159.3 2 0
github.com/BetterCallFirewall/Hackerecon/internal/llm/generic.go:163.2,163.98 1 0
github.com/BetterCallFirewall/Hackerecon/internal/llm/generic.go:163.98,165.3 1 0
github.com/BetterCallFirewall/Hackerecon/internal/llm/generic.go:168.2,168.40 1 0
github.com/BetterCallFirewall/Hackerecon/internal/llm/generic.go:168.40,170.3 1 0
github.com/BetterCallFirewall/Hackerecon/internal/llm/generic.go:173.2,177.21 4 0
github.com/BetterCallFirewall/Hackerecon/internal/llm/generic.go:181.103,185.18 3 0
github.com/BetterCallFirewall/Hackerecon/internal/llm/generic.go:186.20,199.4 2 0
github.com/BetterCallFirewall/Hackerecon/internal/llm/generic.go:201.20,213.4 2 0
github.com/BetterCallFirewall/Hackerecon/internal/llm/generic.go:215.17,222.4 2 0
github.com/BetterCallFirewall/Hackerecon/internal/llm/generic.go:224.10,225.65 1 0
github.com/BetterCallFirewall/Hackerecon/internal/llm/generic.go:229.2,230.16 2 0
github.com/BetterCallFirewall/Hackerecon/internal/llm/generic.go:230.16,232.3 1 0
github.com/BetterCallFirewall/Hackerecon/internal/llm/generic.go:235.2,236.16 2 0
github.com/BetterCallFirewall/Hackerecon/internal/llm/generic.go:236.16,238.3 1 0
github.com/BetterCallFirewall/Hackerecon/internal/llm/generic.go:241.2,243.20 2 0
github.com/BetterCallFirewall/Hackerecon/internal/llm/generic.go:243.20,246.3 1 0
github.com/BetterCallFirewall/Hackerecon/internal/llm/generic.go:248.2,248.17 1 0
github.com/BetterCallFirewall/Hackerecon/internal/llm/generic.go:252.70,253.18 1 0
github.com/BetterCallFirewall/Hackerecon/internal/llm/generic.go:254.20,263.53 2 0
github.com/BetterCallFirewall/Hackerecon/internal/llm/generic.go:263.53,265.4 1 0
github.com/BetterCallFirewall/Hackerecon/internal/llm/generic.go:266.3,266.29 1 0
github.com/BetterCallFirewall/Hackerecon/internal/llm/generic.go:266.29,268.4 1 0
github.com/BetterCallFirewall/Hackerecon/internal/llm/generic.go:269.3,269.46 1 0
github.com/BetterCallFirewall/Hackerecon/internal/llm/generic.go:271.20,276.53 2 0
github.com/BetterCallFirewall/Hackerecon/internal/llm/generic.go:276.53,278.4 1 0
github.com/BetterCallFirewall/Hackerecon/internal/llm/generic.go:279.3,279.28 1 0
github.com/BetterCallFirewall/Hackerecon/internal/llm/generic.go:281.17,287.74 2 0
github.com/BetterCallFirewall/Hackerecon/internal/llm/generic.go:287.74,289.4 1 0
github.com/BetterCallFirewall/Hackerecon/internal/llm/generic.go:292.3,295.78 2 0
github.com/BetterCallFirewall/Hackerecon/internal/llm/generic.go:295.78,297.4 1 0
github.com/BetterCallFirewall/Hackerecon/internal/llm/generic.go:300.3,303.77 2 0
github.com/BetterCallFirewall/Hackerecon/internal/llm/generic.go:303.77,305.4 1 0
github.com/BetterCallFirewall/Hackerecon/internal/llm/generic.go:307.3,307.69 1 0
github.com/BetterCallFirewall/Hackerecon/internal/llm/generic.go:309.10,310.60 1 0
github.com/BetterCallFirewall/Hackerecon/internal/llm/generic.go:318.40,324.16 3 0
github.com/BetterCallFirewall/Hackerecon/internal/llm/generic.go:324.16,326.3 1 0
github.com/BetterCallFirewall/Hackerecon/internal/llm/generic.go:329.2,330.16 2 0
github.com/BetterCallFirewall/Hackerecon/internal/llm/generic.go:330.16,332.3 1 0
github.com/BetterCallFirewall/Hackerecon/internal/llm/generic.go:333.2,337.16 3 0
github.com/BetterCallFirewall/Hackerecon/internal/llm/generic.go:337.16,339.3 1 0
github.com/BetterCallFirewall/Hackerecon/internal/llm/generic.go:341.2,341.42 1 0
github.com/BetterCallFirewall/Hackerecon/internal/llm/generic.go:341.42,343.3 1 0
github.com/BetterCallFirewall/Hackerecon/internal/llm/generic.go:346.2,347.16 2 0
github.com/BetterCallFirewall/Hackerecon/internal/llm/generic.go:347.16,349.3 1 0
github.com/BetterCallFirewall/Hackerecon/internal/llm/generic.go:352.2,356.65 3 0
github.com/BetterCallFirewall/Hackerecon/internal/llm/generic.go:356.65,358.3 1 0
github.com/BetterCallFirewall/Hackerecon/internal/llm/generic.go:361.2,361.27 1 0
github.com/BetterCallFirewall/Hackerecon/internal/llm/generic.go:361.27,367.3 1 0
github.com/BetterCallFirewall/Hackerecon/internal/llm/generic.go:368.2,370.21 2 0
github.com/BetterCallFirewall/Hackerecon/internal/llm/generic.go:377.39,383.16 3 0
github.com/BetterCallFirewall/Hackerecon/internal/llm/generic.go:383.16,385.3 1 0
github.com/BetterCallFirewall/Hackerecon/internal/llm/generic.go:388.2,389.16 2 0
github.com/BetterCallFirewall/Hackerecon/internal/llm/generic.go:389.16,391.3 1 0
github.com/BetterCallFirewall/Hackerecon/internal/llm/generic.go:392.2,396.16 3 0
github.com/BetterCallFirewall/Hackerecon/internal/llm/generic.go:396.16,398.3 1 0
github.com/BetterCallFirewall/Hackerecon/internal/llm/generic.go:400.2,400.42 1 0
github.com/BetterCallFirewall/Hackerecon/internal/llm/generic.go:400.42,402.3 1 0
github.com/BetterCallFirewall/Hackerecon/internal/llm/generic.go:405.2,406.16 2 0
github.com/BetterCallFirewall/Hackerecon/internal/llm/generic.go:406.16,408.3 1 0
github.com/BetterCallFirewall/Hackerecon/internal/llm/generic.go:411.2,415.65 3 0
github.com/BetterCallFirewall/Hackerecon/internal/llm/generic.go:415.65,417.3 1 0
github.com/BetterCallFirewall/Hackerecon/internal/llm/generic.go:420.2,423.35 2 0
github.com/BetterCallFirewall/Hackerecon/internal/llm/generic.go:423.35,424.47 1 0
github.com/BetterCallFirewall/Hackerecon/internal/llm/generic.go:424.47,425.33 1 0
github.com/BetterCallFirewall/Hackerecon/internal/llm/generic.go:425.33,427.5 1 0
github.com/BetterCallFirewall/Hackerecon/internal/llm/generic.go:428.4,428.33 1 0
github.com/BetterCallFirewall/Hackerecon/internal/llm/generic.go:428.33,430.5 1 0
github.com/BetterCallFirewall/Hackerecon/internal/llm/generic.go:431.4,431.23 1 0
github.com/BetterCallFirewall/Hackerecon/internal/llm/generic.go:431.23,433.5 1 0
github.com/BetterCallFirewall/Hackerecon/internal/llm/generic.go:437.3,440.46 2 0
github.com/BetterCallFirewall/Hackerecon/internal/llm/generic.go:441.8,441.37 1 0
github.com/BetterCallFirewall/Hackerecon/internal/llm/generic.go:441.37,443.43 1 0
github.com/BetterCallFirewall/Hackerecon/internal/llm/generic.go:443.43,445.4 1 0
github.com/BetterCallFirewall/Hackerecon/internal/llm/generic.go:446.3,446.43 1 0
github.com/BetterCallFirewall/Hackerecon/internal/llm/generic.go:446.43,448.4 1 0
github.com/BetterCallFirewall/Hackerecon/internal/llm/generic.go:449.3,449.33 1 0
github.com/BetterCallFirewall/Hackerecon/internal/llm/generic.go:449.33,451.4 1 0
github.com/BetterCallFirewall/Hackerecon/internal/llm/generic.go:454.3,455.44 2 0
github.com/BetterCallFirewall/Hackerecon/internal/llm/generic.go:458.2,458.21 1 0
github.com/BetterCallFirewall/Hackerecon/internal/llm/generic.go:461.44,463.2 1 0
github.com/BetterCallFirewall/Hackerecon/internal/llm/generic.go:465.45,467.2 1 0
github.com/BetterCallFirewall/Hackerecon/internal/llm/generic.go:470.52,472.19 2 0
github.com/BetterCallFirewall/Hackerecon/internal/llm/generic.go:472.19,474.3 1 0
github.com/BetterCallFirewall/Hackerecon/internal/llm/generic.go:475.2,475.13 1 0
github.com/BetterCallFirewall/Hackerecon/internal/llm/generic.go:479.49,501.36 11 0
github.com/BetterCallFirewall/Hackerecon/internal/llm/generic.go:501.36,505.14 2 0
github.com/BetterCallFirewall/Hackerecon/internal/llm/generic.go:505.14,508.12 3 0
github.com/BetterCallFirewall/Hackerecon/internal/llm/generic.go:511.3,511.17 1 0
github.com/BetterCallFirewall/Hackerecon/internal/llm/generic.go:511.17,514.12 3 0
github.com/BetterCallFirewall/Hackerecon/internal/llm/generic.go:518.3,518.16 1 0
github.com/BetterCallFirewall/Hackerecon/internal/llm/generic.go:518.16,521.12 3 0
github.com/BetterCallFirewall/Hackerecon/internal/llm/generic.go:525.3,525.15 1 0
github.com/BetterCallFirewall/Hackerecon/internal/llm/generic.go:525.15,526.14 1 0
github.com/BetterCallFirewall/Hackerecon/internal/llm/generic.go:527.14,528.30 1 0
github.com/BetterCallFirewall/Hackerecon/internal/llm/generic.go:529.14,530.30 1 0
github.com/BetterCallFirewall/Hackerecon/internal/llm/generic.go:531.14,532.30 1 0
github.com/BetterCallFirewall/Hackerecon/internal/llm/generic.go:533.14,534.30 1 0
github.com/BetterCallFirewall/Hackerecon/internal/llm/generic.go:535.14,536.30 1 0
github.com/BetterCallFirewall/Hackerecon/internal/llm/generic.go:537.12,539.18 1 0
github.com/BetterCallFirewall/Hackerecon/internal/llm/generic.go:539.18,542.6 1 0
github.com/BetterCallFirewall/Hackerecon/internal/llm/generic.go:542.11,544.6 1 0
github.com/BetterCallFirewall/Hackerecon/internal/llm/generic.go:546.9,548.4 1 0
github.com/BetterCallFirewall/Hackerecon/internal/llm/generic.go:551.2,551.24 1 0
github.com/BetterCallFirewall/Hackerecon/internal/llm/generic.go:556.43,568.36 7 0
github.com/BetterCallFirewall/Hackerecon/internal/llm/generic.go:568.36,571.14 2 0
github.com/BetterCallFirewall/Hackerecon/internal/llm/generic.go:571.14,572.27 1 0
github.com/BetterCallFirewall/Hackerecon/internal/llm/generic.go:572.27,574.5 1 0
github.com/BetterCallFirewall/Hackerecon/internal/llm/generic.go:575.4,576.12 2 0
github.com/BetterCallFirewall/Hackerecon/internal/llm/generic.go:579.3,579.17 1 0
github.com/BetterCallFirewall/Hackerecon/internal/llm/generic.go:579.17,580.27 1 0
github.com/BetterCallFirewall/Hackerecon/internal/llm/generic.go:580.27,582.5 1 0
github.com/BetterCallFirewall/Hackerecon/internal/llm/generic.go:583.4,584.12 2 0
github.com/BetterCallFirewall/Hackerecon/internal/llm/generic.go:587.3,587.28 1 0
github.com/BetterCallFirewall/Hackerecon/internal/llm/generic.go:587.28,588.16 1 0
github.com/BetterCallFirewall/Hackerecon/internal/llm/generic.go:588.16,590.27 1 0
github.com/BetterCallFirewall/Hackerecon/internal/llm/generic.go:590.27,595.6 3 0
github.com/BetterCallFirewall/Hackerecon/internal/llm/generic.go:596.5,596.21 1 0
github.com/BetterCallFirewall/Hackerecon/internal/llm/generic.go:597.10,600.5 1 0
github.com/BetterCallFirewall/Hackerecon/internal/llm/generic.go:601.4,602.12 2 0
github.com/BetterCallFirewall/Hackerecon/internal/llm/generic.go:606.3,606.15 1 0
github.com/BetterCallFirewall/Hackerecon/internal/llm/generic.go:606.15,607.52 1 0
github.com/BetterCallFirewall/Hackerecon/internal/llm/generic.go:607.52,610.38 1 0
github.com/BetterCallFirewall/Hackerecon/internal/llm/generic.go:610.38,612.6 1 0
github.com/BetterCallFirewall/Hackerecon/internal/llm/generic.go:612.11,616.6 2 0
github.com/BetterCallFirewall/Hackerecon/internal/llm/generic.go:617.10,617.33 1 0
github.com/BetterCallFirewall/Hackerecon/internal/llm/generic.go:617.33,619.18 1 0
github.com/BetterCallFirewall/Hackerecon/internal/llm/generic.go:619.18,621.6 1 0
github.com/BetterCallFirewall/Hackerecon/internal/llm/generic.go:621.11,621.25 1 0
github.com/BetterCallFirewall/Hackerecon/internal/llm/generic.go:621.25,623.27 2 0
github.com/BetterCallFirewall/Hackerecon/internal/llm/generic.go:623.27,627.7 1 0
github.com/BetterCallFirewall/Hackerecon/internal/llm/generic.go:630.10,632.5 1 0
github.com/BetterCallFirewall/Hackerecon/internal/llm/generic.go:633.9,635.4 1 0
github.com/BetterCallFirewall/Hackerecon/internal/llm/generic.go:638.2,638.24 1 0
github.com/BetterCallFirewall/Hackerecon/internal/llm/generic.go:642.47,656.31 10 0
github.com/BetterCallFirewall/Hackerecon/internal/llm/generic.go:656.31,658.3 1 0
github.com/BetterCallFirewall/Hackerecon/internal/llm/generic.go:660.2,660.16 1 0
github.com/BetterCallFirewall/Hackerecon/internal/llm/prompt.go:13.78,133.2 3 0
github.com/BetterCallFirewall/Hackerecon/internal/llm/prompt.go:136.50,137.22 1 0
github.com/BetterCallFirewall/Hackerecon/internal/llm/prompt.go:137.22,139.3 1 0
github.com/BetterCallFirewall/Hackerecon/internal/llm/prompt.go:140.2,140.27 1 0
github.com/BetterCallFirewall/Hackerecon/internal/llm/prompt.go:144.68,146.38 2 0
github.com/BetterCallFirewall/Hackerecon/internal/llm/prompt.go:146.38,148.3 1 0
github.com/BetterCallFirewall/Hackerecon/internal/llm/prompt.go:151.2,287.3 2 0
github.com/BetterCallFirewall/Hackerecon/internal/llm/prompt.go:291.107,350.2 4 0
github.com/BetterCallFirewall/Hackerecon/internal/llm/prompt.go:353.66,356.48 2 0
github.com/BetterCallFirewall/Hackerecon/internal/llm/prompt.go:356.48,358.3 1 0
github.com/BetterCallFirewall/Hackerecon/internal/llm/prompt.go:361.2,370.35 5 0
github.com/BetterCallFirewall/Hackerecon/internal/llm/prompt.go:370.35,378.3 1 0
github.com/BetterCallFirewall/Hackerecon/internal/llm/prompt.go:381.2,382.38 2 0
github.com/BetterCallFirewall/Hackerecon/internal/llm/prompt.go:382.38,389.3 1 0
github.com/BetterCallFirewall/Hackerecon/internal/llm/prompt.go:391.2,553.3 1 0
github.com/BetterCallFirewall/Hackerecon/internal/llm/prompt.go:557.84,559.35 2 0
github.com/BetterCallFirewall/Hackerecon/internal/llm/prompt.go:559.35,560.68 1 0
github.com/BetterCallFirewall/Hackerecon/internal/llm/prompt.go:560.68,562.4 1 0
github.com/BetterCallFirewall/Hackerecon/internal/llm/prompt.go:564.2,564.17 1 0
github.com/BetterCallFirewall/Hackerecon/internal/llm/prompt.go:568.70,574.29 5 0
github.com/BetterCallFirewall/Hackerecon/internal/llm/prompt.go:574.29,576.24 2 0
github.com/BetterCallFirewall/Hackerecon/internal/llm/prompt.go:576.24,578.4 1 0
github.com/BetterCallFirewall/Hackerecon/internal/llm/prompt.go:581.3,581.93 1 0
github.com/BetterCallFirewall/Hackerecon/internal/llm/prompt.go:581.93,583.4 1 0
github.com/BetterCallFirewall/Hackerecon/internal/llm/prompt.go:583.9,583.123 1 0
github.com/BetterCallFirewall/Hackerecon/internal/llm/prompt.go:583.123,585.4 1 0
github.com/BetterCallFirewall/Hackerecon/internal/llm/prompt.go:585.9,585.169 1 0
github.com/BetterCallFirewall/Hackerecon/internal/llm/prompt.go:585.169,587.4 1 0
github.com/BetterCallFirewall/Hackerecon/internal/llm/prompt.go:587.9,589.4 1 0
github.com/BetterCallFirewall/Hackerecon/internal/llm/prompt.go:592.2,594.27 2 0
github.com/BetterCallFirewall/Hackerecon/internal/llm/prompt.go:594.27,597.3 2 0
github.com/BetterCallFirewall/Hackerecon/internal/llm/prompt.go:599.2,599.27 1 0
github.com/BetterCallFirewall/Hackerecon/internal/llm/prompt.go:599.27,602.3 2 0
github.com/BetterCallFirewall/Hackerecon/internal/llm/prompt.go:604.2,604.26 1 0
github.com/BetterCallFirewall/Hackerecon/internal/llm/prompt.go:604.26,607.3 2 0
github.com/BetterCallFirewall/Hackerecon/internal/llm/prompt.go:609.2,609.28 1 0
github.com/BetterCallFirewall/Hackerecon/internal/llm/prompt.go:609.28,612.3 2 0
github.com/BetterCallFirewall/Hackerecon/internal/llm/prompt.go:614.2,614.23 1 0
github.com/BetterCallFirewall/Hackerecon/internal/llm/prompt.go:614.23,616.3 1 0
github.com/BetterCallFirewall/Hackerecon/internal/llm/prompt.go:618.2,618.24 1 0
github.com/BetterCallFirewall/Hackerecon/internal/llm/prompt.go:622.69,623.24 1 0
github.com/BetterCallFirewall/Hackerecon/internal/llm/prompt.go:623.24,625.3 1 0
github.com/BetterCallFirewall/Hackerecon/internal/llm/prompt.go:627.2,628.29 2 0
github.com/BetterCallFirewall/Hackerecon/internal/llm/prompt.go:628.29,629.55 1 0
github.com/BetterCallFirewall/Hackerecon/internal/llm/prompt.go:629.55,630.12 1 0
github.com/BetterCallFirewall/Hackerecon/internal/llm/prompt.go:633.3,636.32 4 0
github.com/BetterCallFirewall/Hackerecon/internal/llm/prompt.go:636.32,638.4 1 0
github.com/BetterCallFirewall/Hackerecon/internal/llm/prompt.go:639.3,639.83 1 0
github.com/BetterCallFirewall/Hackerecon/internal/llm/prompt.go:642.2,642.23 1 0
github.com/BetterCallFirewall/Hackerecon/internal/llm/prompt.go:642.23,644.3 1 0
github.com/BetterCallFirewall/Hackerecon/internal/llm/prompt.go:646.2,646.24 1 0
github.com/BetterCallFirewall/Hackerecon/internal/llm/prompt.go:651.55,652.21 1 0
github.com/BetterCallFirewall/Hackerecon/internal/llm/prompt.go:652.21,654.3 1 0
github.com/BetterCallFirewall/Hackerecon/internal/llm/prompt.go:656.2,657.29 2 0
github.com/BetterCallFirewall/Hackerecon/internal/llm/prompt.go:657.29,658.25 1 0
github.com/BetterCallFirewall/Hackerecon/internal/llm/prompt.go:658.25,660.4 1 0
github.com/BetterCallFirewall/Hackerecon/internal/llm/prompt.go:660.9,662.4 1 0
github.com/BetterCallFirewall/Hackerecon/internal/llm/prompt.go:665.2,665.34 1 0
github.com/BetterCallFirewall/Hackerecon/internal/llm/prompt.go:668.65,669.22 1 0
github.com/BetterCallFirewall/Hackerecon/internal/llm/prompt.go:669.22,671.3 1 0
github.com/BetterCallFirewall/Hackerecon/internal/llm/prompt.go:673.2,675.33 2 0
github.com/BetterCallFirewall/Hackerecon/internal/llm/prompt.go:675.33,676.43 1 0
github.com/BetterCallFirewall/Hackerecon/internal/llm/prompt.go:676.43,678.4 1 0
github.com/BetterCallFirewall/Hackerecon/internal/llm/prompt.go:680.2,680.32 1 0
github.com/BetterCallFirewall/Hackerecon/internal/llm/prompt.go:680.32,681.42 1 0
github.com/BetterCallFirewall/Hackerecon/internal/llm/prompt.go:681.42,683.4 1 0
github.com/BetterCallFirewall/Hackerecon/internal/llm/prompt.go:685.2,685.33 1 0
github.com/BetterCallFirewall/Hackerecon/internal/llm/prompt.go:685.33,686.43 1 0
github.com/BetterCallFirewall/Hackerecon/internal/llm/prompt.go:686.43,688.4 1 0
github.com/BetterCallFirewall/Hackerecon/internal/llm/prompt.go:691.2,691.28 1 0
github.com/BetterCallFirewall/Hackerecon/internal/llm/prompt.go:691.28,693.3 1 0
github.com/BetterCallFirewall/Hackerecon/internal/llm/prompt.go:696.2,696.27 1 0
github.com/BetterCallFirewall/Hackerecon/internal/llm/prompt.go:696.27,698.3 1 0
github.com/BetterCallFirewall/Hackerecon/internal/llm/prompt.go:700.2,700.41 1 0
github.com/BetterCallFirewall/Hackerecon/internal/driven/analyzer.go:50.36,70.108 4 0
github.com/BetterCallFirewall/Hackerecon/internal/driven/analyzer.go:70.108,72.4 1 0
github.com/BetterCallFirewall/Hackerecon/internal/driven/analyzer.go:76.2,78.98 1 0
github.com/BetterCallFirewall/Hackerecon/internal/driven/analyzer.go:78.98,80.4 1 0
github.com/BetterCallFirewall/Hackerecon/internal/driven/analyzer.go:84.2,86.96 1 0
github.com/BetterCallFirewall/Hackerecon/internal/driven/analyzer.go:86.96,88.4 1 0
github.com/BetterCallFirewall/Hackerecon/internal/driven/analyzer.go:92.2,98.22 2 0
github.com/BetterCallFirewall/Hackerecon/internal/driven/analyzer.go:102.100,106.71 2 1
github.com/BetterCallFirewall/Hackerecon/internal/driven/analyzer.go:106.71,109.3 2 1
github.com/BetterCallFirewall/Hackerecon/internal/driven/analyzer.go:111.2,111.17 1 1
github.com/BetterCallFirewall/Hackerecon/internal/driven/analyzer.go:115.86,117.2 1 1
github.com/BetterCallFirewall/Hackerecon/internal/driven/analyzer.go:122.45,124.16 2 0
github.com/BetterCallFirewall/Hackerecon/internal/driven/analyzer.go:124.16,126.3 1 0
github.com/BetterCallFirewall/Hackerecon/internal/driven/analyzer.go:129.2,131.20 2 0
github.com/BetterCallFirewall/Hackerecon/internal/driven/analyzer.go:138.3,142.2 3 0
github.com/BetterCallFirewall/Hackerecon/internal/driven/analyzer.go:145.112,155.40 3 0
github.com/BetterCallFirewall/Hackerecon/internal/driven/analyzer.go:155.40,158.3 2 0
github.com/BetterCallFirewall/Hackerecon/internal/driven/analyzer.go:165.3,168.2 2 0
github.com/BetterCallFirewall/Hackerecon/internal/driven/analyzer.go:173.9,176.16 2 0
github.com/BetterCallFirewall/Hackerecon/internal/driven/analyzer.go:176.16,179.3 2 0
github.com/BetterCallFirewall/Hackerecon/internal/driven/analyzer.go:181.2,193.94 5 0
github.com/BetterCallFirewall/Hackerecon/internal/driven/analyzer.go:193.94,195.3 1 0
github.com/BetterCallFirewall/Hackerecon/internal/driven/analyzer.go:200.2,211.16 3 0
github.com/BetterCallFirewall/Hackerecon/internal/driven/analyzer.go:211.16,214.3 2 0
github.com/BetterCallFirewall/Hackerecon/internal/driven/analyzer.go:217.2,220.24 2 0
github.com/BetterCallFirewall/Hackerecon/internal/driven/analyzer.go:220.24,222.3 1 0
github.com/BetterCallFirewall/Hackerecon/internal/driven/analyzer.go:225.2,225.35 1 0
github.com/BetterCallFirewall/Hackerecon/internal/driven/analyzer.go:225.35,234.17 3 0
github.com/BetterCallFirewall/Hackerecon/internal/driven/analyzer.go:234.17,237.4 2 0
github.com/BetterCallFirewall/Hackerecon/internal/driven/analyzer.go:239.3,239.13 1 0
github.com/BetterCallFirewall/Hackerecon/internal/driven/analyzer.go:242.2,247.12 2 0
github.com/BetterCallFirewall/Hackerecon/internal/driven/analyzer.go:258.9,261.55 2 0
github.com/BetterCallFirewall/Hackerecon/internal/driven/analyzer.go:261.55,263.3 1 0
github.com/BetterCallFirewall/Hackerecon/internal/driven/analyzer.go:263.8,274.3 1 0
github.com/BetterCallFirewall/Hackerecon/internal/driven/analyzer.go:276.2,293.16 5 0
github.com/BetterCallFirewall/Hackerecon/internal/driven/analyzer.go:293.16,295.3 1 0
github.com/BetterCallFirewall/Hackerecon/internal/driven/analyzer.go:298.2,300.12 2 0
github.com/BetterCallFirewall/Hackerecon/internal/driven/analyzer.go:309.3,311.95 1 0
github.com/BetterCallFirewall/Hackerecon/internal/driven/analyzer.go:311.95,314.3 2 0
github.com/BetterCallFirewall/Hackerecon/internal/driven/analyzer.go:317.2,334.3 1 0
github.com/BetterCallFirewall/Hackerecon/internal/driven/analyzer.go:338.97,340.2 1 0
github.com/BetterCallFirewall/Hackerecon/internal/driven/analyzer.go:342.98,343.23 1 0
github.com/BetterCallFirewall/Hackerecon/internal/driven/analyzer.go:343.23,345.3 1 0
github.com/BetterCallFirewall/Hackerecon/internal/driven/analyzer.go:348.2,348.43 1 0
github.com/BetterCallFirewall/Hackerecon/internal/driven/analyzer.go:348.43,350.17 2 0
github.com/BetterCallFirewall/Hackerecon/internal/driven/analyzer.go:350.17,359.4 5 0
github.com/BetterCallFirewall/Hackerecon/internal/driven/analyzer.go:363.2,363.90 1 0
github.com/BetterCallFirewall/Hackerecon/internal/driven/analyzer.go:363.90,365.3 1 0
github.com/BetterCallFirewall/Hackerecon/internal/driven/analyzer.go:368.2,368.42 1 0
github.com/BetterCallFirewall/Hackerecon/internal/driven/analyzer.go:372.90,380.2 3 0
github.com/BetterCallFirewall/Hackerecon/internal/driven/analyzer.go:383.125,385.2 1 0
github.com/BetterCallFirewall/Hackerecon/internal/driven/analyzer.go:392.40,394.16 2 0
github.com/BetterCallFirewall/Hackerecon/internal/driven/analyzer.go:394.16,396.3 1 0
github.com/BetterCallFirewall/Hackerecon/internal/driven/analyzer.go:399.2,399.27 1 0
github.com/BetterCallFirewall/Hackerecon/internal/driven/analyzer.go:399.27,405.3 1 0
github.com/BetterCallFirewall/Hackerecon/internal/driven/analyzer.go:407.2,409.20 2 0
github.com/BetterCallFirewall/Hackerecon/internal/driven/analyzer.go:415.39,417.16 2 0
github.com/BetterCallFirewall/Hackerecon/internal/driven/analyzer.go:417.16,419.3 1 0
github.com/BetterCallFirewall/Hackerecon/internal/driven/analyzer.go:422.2,422.30 1 0
github.com/BetterCallFirewall/Hackerecon/internal/driven/analyzer.go:422.30,432.3 1 0
github.com/BetterCallFirewall/Hackerecon/internal/driven/analyzer.go:432.8,435.43 2 0
github.com/BetterCallFirewall/Hackerecon/internal/driven/analyzer.go:435.43,437.4 1 0
github.com/BetterCallFirewall/Hackerecon/internal/driven/analyzer.go:438.3,438.43 1 0
github.com/BetterCallFirewall/Hackerecon/internal/driven/analyzer.go:438.43,440.4 1 0
github.com/BetterCallFirewall/Hackerecon/internal/driven/analyzer.go:442.3,442.33 1 0
github.com/BetterCallFirewall/Hackerecon/internal/driven/analyzer.go:442.33,444.4 1 0
github.com/BetterCallFirewall/Hackerecon/internal/driven/analyzer.go:447.2,447.20 1 0
github.com/BetterCallFirewall/Hackerecon/internal/driven/analyzer.go:453.83,455.2 1 0
github.com/BetterCallFirewall/Hackerecon/internal/driven/analyzer.go:458.106,460.2 1 0
github.com/BetterCallFirewall/Hackerecon/internal/driven/analyzer.go:467.3,469.2 1 0
github.com/BetterCallFirewall/Hackerecon/internal/driven/analyzer.go:472.102,474.2 1 0
github.com/BetterCallFirewall/Hackerecon/internal/driven/analyzer.go:477.116,479.2 1 0
github.com/BetterCallFirewall/Hackerecon/internal/driven/analyzer.go:482.98,484.2 1 0
github.com/BetterCallFirewall/Hackerecon/internal/driven/analyzer.go:487.89,489.2 1 0
github.com/BetterCallFirewall/Hackerecon/internal/driven/analyzer_utils.go:8.51,20.2 2 0
github.com/BetterCallFirewall/Hackerecon/internal/driven/analyzer_utils.go:25.43,26.23 1 0
github.com/BetterCallFirewall/Hackerecon/internal/driven/analyzer_utils.go:26.23,28.3 1 0
github.com/BetterCallFirewall/Hackerecon/internal/driven/analyzer_utils.go:29.2,29.52 1 0
github.com/BetterCallFirewall/Hackerecon/internal/driven/analyzer_utils.go:32.48,36.29 3 0
github.com/BetterCallFirewall/Hackerecon/internal/driven/analyzer_utils.go:36.29,37.18 1 0
github.com/BetterCallFirewall/Hackerecon/internal/driven/analyzer_utils.go:37.18,40.4 2 0
github.com/BetterCallFirewall/Hackerecon/internal/driven/analyzer_utils.go:42.2,42.15 1 0
github.com/BetterCallFirewall/Hackerecon/internal/driven/analyzer_utils.go:45.54,47.22 2 0
github.com/BetterCallFirewall/Hackerecon/internal/driven/analyzer_utils.go:47.22,48.17 1 0
github.com/BetterCallFirewall/Hackerecon/internal/driven/analyzer_utils.go:48.17,50.4 1 0
github.com/BetterCallFirewall/Hackerecon/internal/driven/analyzer_utils.go:52.2,52.16 1 0
github.com/BetterCallFirewall/Hackerecon/internal/driven/burp_integration.go:22.61,23.30 1 0
github.com/BetterCallFirewall/Hackerecon/internal/driven/burp_integration.go:23.30,25.3 1 0
github.com/BetterCallFirewall/Hackerecon/internal/driven/burp_integration.go:27.2,39.20 4 0
github.com/BetterCallFirewall/Hackerecon/internal/driven/burp_integration.go:43.42,45.16 2 0
github.com/BetterCallFirewall/Hackerecon/internal/driven/burp_integration.go:45.16,49.3 3 0
github.com/BetterCallFirewall/Hackerecon/internal/driven/burp_integration.go:51.2,69.3 2 0
github.com/BetterCallFirewall/Hackerecon/internal/driven/burp_integration.go:73.53,74.20 1 0
github.com/BetterCallFirewall/Hackerecon/internal/driven/burp_integration.go:74.20,76.3 1 0
github.com/BetterCallFirewall/Hackerecon/internal/driven/burp_integration.go:77.2,77.27 1 0
github.com/BetterCallFirewall/Hackerecon/internal/driven/burp_integration.go:81.45,83.2 1 0
github.com/BetterCallFirewall/Hackerecon/internal/driven/burp_integration.go:86.57,88.12 2 0
github.com/BetterCallFirewall/Hackerecon/internal/driven/burp_integration.go:88.12,89.22 1 0
github.com/BetterCallFirewall/Hackerecon/internal/driven/burp_integration.go:89.22,90.53 1 0
github.com/BetterCallFirewall/Hackerecon/internal/driven/burp_integration.go:90.53,92.45 1 0
github.com/BetterCallFirewall/Hackerecon/internal/driven/burp_integration.go:92.45,96.6 3 0
github.com/BetterCallFirewall/Hackerecon/internal/driven/burp_integration.go:103.51,104.17 1 0
github.com/BetterCallFirewall/Hackerecon/internal/driven/burp_integration.go:104.17,106.3 1 0
github.com/BetterCallFirewall/Hackerecon/internal/driven/burp_integration.go:108.2,112.16 3 0
github.com/BetterCallFirewall/Hackerecon/internal/driven/burp_integration.go:112.16,116.3 3 0
github.com/BetterCallFirewall/Hackerecon/internal/driven/burp_integration.go:117.2,120.13 3 0
github.com/BetterCallFirewall/Hackerecon/internal/driven/cache.go:29.40,34.2 1 0
github.com/BetterCallFirewall/Hackerecon/internal/driven/cache.go:37.62,41.49 3 0
github.com/BetterCallFirewall/Hackerecon/internal/driven/cache.go:41.49,43.49 1 0
github.com/BetterCallFirewall/Hackerecon/internal/driven/cache.go:43.49,45.4 1 0
github.com/BetterCallFirewall/Hackerecon/internal/driven/cache.go:48.2,48.12 1 0
github.com/BetterCallFirewall/Hackerecon/internal/driven/cache.go:52.62,54.19 2 0
github.com/BetterCallFirewall/Hackerecon/internal/driven/cache.go:54.19,57.3 2 0
github.com/BetterCallFirewall/Hackerecon/internal/driven/cache.go:60.2,65.13 3 0
github.com/BetterCallFirewall/Hackerecon/internal/driven/cache.go:69.80,82.42 4 0
github.com/BetterCallFirewall/Hackerecon/internal/driven/cache.go:82.42,84.3 1 0
github.com/BetterCallFirewall/Hackerecon/internal/driven/cache.go:88.49,92.51 3 0
github.com/BetterCallFirewall/Hackerecon/internal/driven/cache.go:92.51,95.3 2 0
github.com/BetterCallFirewall/Hackerecon/internal/driven/cache.go:99.35,101.43 1 0
github.com/BetterCallFirewall/Hackerecon/internal/driven/cache.go:101.43,103.3 1 0
github.com/BetterCallFirewall/Hackerecon/internal/driven/cache.go:106.2,112.35 3 0
github.com/BetterCallFirewall/Hackerecon/internal/driven/cache.go:112.35,114.3 1 0
github.com/BetterCallFirewall/Hackerecon/internal/driven/cache.go:117.2,117.40 1 0
github.com/BetterCallFirewall/Hackerecon/internal/driven/cache.go:117.40,119.3 1 0
github.com/BetterCallFirewall/Hackerecon/internal/driven/cache.go:122.2,124.35 3 0
github.com/BetterCallFirewall/Hackerecon/internal/driven/cache.go:124.35,126.3 1 0
github.com/BetterCallFirewall/Hackerecon/internal/driven/config.go:12.50,16.49 1 0
github.com/BetterCallFirewall/Hackerecon/internal/driven/config.go:16.49,17.39 1 0
github.com/BetterCallFirewall/Hackerecon/internal/driven/config.go:17.39,19.6 1 0
github.com/BetterCallFirewall/Hackerecon/internal/driven/config.go:19.11,21.6 1 0
github.com/BetterCallFirewall/Hackerecon/internal/driven/config.go:28.2,29.32 2 0
github.com/BetterCallFirewall/Hackerecon/internal/driven/config.go:29.32,31.3 1 0
github.com/BetterCallFirewall/Hackerecon/internal/driven/config.go:32.2,34.35 2 0
github.com/BetterCallFirewall/Hackerecon/internal/driven/config.go:37.49,38.22 1 0
github.com/BetterCallFirewall/Hackerecon/internal/driven/config.go:38.22,41.3 2 0
github.com/BetterCallFirewall/Hackerecon/internal/driven/config.go:42.2,42.12 1 0
github.com/BetterCallFirewall/Hackerecon/internal/driven/context_manager.go:18.50,22.2 1 0
github.com/BetterCallFirewall/Hackerecon/internal/driven/context_manager.go:25.75,29.49 3 0
github.com/BetterCallFirewall/Hackerecon/internal/driven/context_manager.go:29.49,31.3 1 0
github.com/BetterCallFirewall/Hackerecon/internal/driven/context_manager.go:33.2,35.19 3 0
github.com/BetterCallFirewall/Hackerecon/internal/driven/context_manager.go:39.67,44.2 3 0
github.com/BetterCallFirewall/Hackerecon/internal/driven/context_manager.go:51.3,55.69 3 0
github.com/BetterCallFirewall/Hackerecon/internal/driven/context_manager.go:55.69,63.40 6 0
github.com/BetterCallFirewall/Hackerecon/internal/driven/context_manager.go:63.40,66.4 1 0
github.com/BetterCallFirewall/Hackerecon/internal/driven/context_manager.go:67.3,67.56 1 0
github.com/BetterCallFirewall/Hackerecon/internal/driven/context_manager.go:68.8,78.3 2 0
github.com/BetterCallFirewall/Hackerecon/internal/driven/context_manager.go:81.2,81.27 1 0
github.com/BetterCallFirewall/Hackerecon/internal/driven/context_manager.go:81.27,83.3 1 0
github.com/BetterCallFirewall/Hackerecon/internal/driven/context_manager.go:85.2,85.38 1 0
github.com/BetterCallFirewall/Hackerecon/internal/driven/context_manager.go:89.70,94.40 4 0
github.com/BetterCallFirewall/Hackerecon/internal/driven/context_manager.go:94.40,96.3 1 0
github.com/BetterCallFirewall/Hackerecon/internal/driven/context_manager.go:98.2,98.15 1 0
github.com/BetterCallFirewall/Hackerecon/internal/driven/extractor.go:18.71,22.2 1 0
github.com/BetterCallFirewall/Hackerecon/internal/driven/extractor.go:25.105,39.35 4 0
github.com/BetterCallFirewall/Hackerecon/internal/driven/extractor.go:39.35,40.20 1 0
github.com/BetterCallFirewall/Hackerecon/internal/driven/extractor.go:40.20,41.12 1 0
github.com/BetterCallFirewall/Hackerecon/internal/driven/extractor.go:44.3,51.50 4 0
github.com/BetterCallFirewall/Hackerecon/internal/driven/extractor.go:51.50,57.4 4 0
github.com/BetterCallFirewall/Hackerecon/internal/driven/extractor.go:60.3,60.44 1 0
github.com/BetterCallFirewall/Hackerecon/internal/driven/extractor.go:60.44,65.4 4 0
github.com/BetterCallFirewall/Hackerecon/internal/driven/extractor.go:68.2,68.22 1 0
github.com/BetterCallFirewall/Hackerecon/internal/driven/extractor.go:72.79,77.2 1 0
github.com/BetterCallFirewall/Hackerecon/internal/driven/extractor.go:80.73,84.2 1 0
github.com/BetterCallFirewall/Hackerecon/internal/driven/extractor.go:87.91,90.43 2 0
github.com/BetterCallFirewall/Hackerecon/internal/driven/extractor.go:90.43,92.33 2 0
github.com/BetterCallFirewall/Hackerecon/internal/driven/extractor.go:92.33,93.23 1 0
github.com/BetterCallFirewall/Hackerecon/internal/driven/extractor.go:93.23,96.43 2 0
github.com/BetterCallFirewall/Hackerecon/internal/driven/extractor.go:96.43,97.14 1 0
github.com/BetterCallFirewall/Hackerecon/internal/driven/extractor.go:101.5,107.7 1 0
github.com/BetterCallFirewall/Hackerecon/internal/driven/extractor.go:112.2,112.16 1 0
github.com/BetterCallFirewall/Hackerecon/internal/driven/extractor.go:116.88,122.32 4 0
github.com/BetterCallFirewall/Hackerecon/internal/driven/extractor.go:122.32,123.22 1 0
github.com/BetterCallFirewall/Hackerecon/internal/driven/extractor.go:123.22,135.4 3 0
github.com/BetterCallFirewall/Hackerecon/internal/driven/extractor.go:138.2,138.18 1 0
github.com/BetterCallFirewall/Hackerecon/internal/driven/extractor.go:142.68,143.21 1 0
github.com/BetterCallFirewall/Hackerecon/internal/driven/extractor.go:143.21,145.3 1 0
github.com/BetterCallFirewall/Hackerecon/internal/driven/extractor.go:147.2,148.31 2 0
github.com/BetterCallFirewall/Hackerecon/internal/driven/extractor.go:148.31,150.3 1 0
github.com/BetterCallFirewall/Hackerecon/internal/driven/extractor.go:152.2,152.15 1 0
github.com/BetterCallFirewall/Hackerecon/internal/driven/extractor.go:156.68,166.35 3 0
github.com/BetterCallFirewall/Hackerecon/internal/driven/extractor.go:166.35,169.3 2 0
github.com/BetterCallFirewall/Hackerecon/internal/driven/extractor.go:171.2,171.31 1 0
github.com/BetterCallFirewall/Hackerecon/internal/driven/extractor.go:175.74,183.16 3 0
github.com/BetterCallFirewall/Hackerecon/internal/driven/extractor.go:183.16,185.3 1 0
github.com/BetterCallFirewall/Hackerecon/internal/driven/extractor.go:187.2,191.13 4 0
github.com/BetterCallFirewall/Hackerecon/internal/driven/extractor.go:195.90,196.66 1 0
github.com/BetterCallFirewall/Hackerecon/internal/driven/extractor.go:196.66,197.66 1 0
github.com/BetterCallFirewall/Hackerecon/internal/driven/extractor.go:197.66,199.4 1 0
github.com/BetterCallFirewall/Hackerecon/internal/driven/extractor.go:204.84,205.97 1 0
github.com/BetterCallFirewall/Hackerecon/internal/driven/extractor.go:205.97,206.60 1 0
github.com/BetterCallFirewall/Hackerecon/internal/driven/extractor.go:206.60,208.4 1 0
github.com/BetterCallFirewall/Hackerecon/internal/driven/extractor.go:209.3,209.43 1 0
github.com/BetterCallFirewall/Hackerecon/internal/driven/extractor.go:209.43,211.4 1 0
github.com/BetterCallFirewall/Hackerecon/internal/driven/extractor.go:216.80,220.33 3 0
github.com/BetterCallFirewall/Hackerecon/internal/driven/extractor.go:220.33,221.22 1 0
github.com/BetterCallFirewall/Hackerecon/internal/driven/extractor.go:221.22,223.61 2 0
github.com/BetterCallFirewall/Hackerecon/internal/driven/extractor.go:223.61,225.5 1 0
github.com/BetterCallFirewall/Hackerecon/internal/driven/http.go:30.3,37.20 5 0
github.com/BetterCallFirewall/Hackerecon/internal/driven/http.go:38.16,39.28 1 0
github.com/BetterCallFirewall/Hackerecon/internal/driven/http.go:40.13,41.25 1 0
github.com/BetterCallFirewall/Hackerecon/internal/driven/http.go:42.10,43.28 1 0
github.com/BetterCallFirewall/Hackerecon/internal/driven/http.go:47.2,61.16 4 0
github.com/BetterCallFirewall/Hackerecon/internal/driven/http.go:61.16,63.3 1 0
github.com/BetterCallFirewall/Hackerecon/internal/driven/http.go:64.2,76.29 4 0
github.com/BetterCallFirewall/Hackerecon/internal/driven/http.go:76.29,78.3 1 0
github.com/BetterCallFirewall/Hackerecon/internal/driven/http.go:80.2,80.19 1 0
github.com/BetterCallFirewall/Hackerecon/internal/driven/http.go:84.92,91.56 5 0
github.com/BetterCallFirewall/Hackerecon/internal/driven/http.go:91.56,102.17 3 0
github.com/BetterCallFirewall/Hackerecon/internal/driven/http.go:102.17,106.4 2 0
github.com/BetterCallFirewall/Hackerecon/internal/driven/http.go:106.9,115.44 3 0
github.com/BetterCallFirewall/Hackerecon/internal/driven/http.go:115.44,118.17 1 0
github.com/BetterCallFirewall/Hackerecon/internal/driven/http.go:118.17,119.22 1 0
github.com/BetterCallFirewall/Hackerecon/internal/driven/http.go:119.22,121.8 1 0
github.com/BetterCallFirewall/Hackerecon/internal/driven/http.go:121.13,123.8 1 0
github.com/BetterCallFirewall/Hackerecon/internal/driven/http.go:126.5,128.19 3 0
github.com/BetterCallFirewall/Hackerecon/internal/driven/http.go:134.2,134.40 1 0
github.com/BetterCallFirewall/Hackerecon/internal/driven/http.go:134.40,137.17 3 0
github.com/BetterCallFirewall/Hackerecon/internal/driven/http.go:137.17,140.4 2 0
github.com/BetterCallFirewall/Hackerecon/internal/driven/http.go:143.2,147.9 4 0
github.com/BetterCallFirewall/Hackerecon/internal/driven/http.go:147.9,151.3 3 0
github.com/BetterCallFirewall/Hackerecon/internal/driven/http.go:153.2,154.16 2 0
github.com/BetterCallFirewall/Hackerecon/internal/driven/http.go:154.16,158.3 3 0
github.com/BetterCallFirewall/Hackerecon/internal/driven/http.go:160.2,161.38 2 0
github.com/BetterCallFirewall/Hackerecon/internal/driven/http.go:164.95,168.2 3 0
github.com/BetterCallFirewall/Hackerecon/internal/driven/http.go:171.83,172.36 1 0
github.com/BetterCallFirewall/Hackerecon/internal/driven/http.go:172.36,177.3 1 0
github.com/BetterCallFirewall/Hackerecon/internal/driven/http.go:180.2,180.22 1 0
github.com/BetterCallFirewall/Hackerecon/internal/driven/http.go:180.22,183.3 2 0
github.com/BetterCallFirewall/Hackerecon/internal/driven/http.go:184.2,184.75 1 0
github.com/BetterCallFirewall/Hackerecon/internal/driven/http.go:188.89,191.16 2 0
github.com/BetterCallFirewall/Hackerecon/internal/driven/http.go:191.16,195.3 3 0
github.com/BetterCallFirewall/Hackerecon/internal/driven/http.go:198.2,206.16 5 0
github.com/BetterCallFirewall/Hackerecon/internal/driven/http.go:206.16,210.57 2 0
github.com/BetterCallFirewall/Hackerecon/internal/driven/http.go:210.57,214.4 3 0
github.com/BetterCallFirewall/Hackerecon/internal/driven/http.go:217.3,217.17 1 0
github.com/BetterCallFirewall/Hackerecon/internal/driven/http.go:217.17,220.4 2 0
github.com/BetterCallFirewall/Hackerecon/internal/driven/http.go:222.2,226.16 3 0
github.com/BetterCallFirewall/Hackerecon/internal/driven/http.go:226.16,230.3 3 0
github.com/BetterCallFirewall/Hackerecon/internal/driven/http.go:233.2,236.33 2 0
github.com/BetterCallFirewall/Hackerecon/internal/driven/http.go:236.33,237.24 1 0
github.com/BetterCallFirewall/Hackerecon/internal/driven/http.go:237.24,239.4 1 0
github.com/BetterCallFirewall/Hackerecon/internal/driven/http.go:241.2,242.19 2 0
github.com/BetterCallFirewall/Hackerecon/internal/driven/http.go:246.73,249.16 2 0
github.com/BetterCallFirewall/Hackerecon/internal/driven/http.go:249.16,252.3 2 0
github.com/BetterCallFirewall/Hackerecon/internal/driven/http.go:254.2,260.137 3 0
github.com/BetterCallFirewall/Hackerecon/internal/driven/http.go:260.137,262.3 1 0
github.com/BetterCallFirewall/Hackerecon/internal/driven/http.go:265.2,272.15 5 0
github.com/BetterCallFirewall/Hackerecon/internal/driven/http.go:277.3,285.16 5 0
github.com/BetterCallFirewall/Hackerecon/internal/driven/http.go:285.16,287.3 1 0
github.com/BetterCallFirewall/Hackerecon/internal/driven/hypothesis.go:26.24,32.2 1 0
github.com/BetterCallFirewall/Hackerecon/internal/driven/hypothesis.go:35.96,37.24 2 0
github.com/BetterCallFirewall/Hackerecon/internal/driven/hypothesis.go:37.24,39.3 1 0
github.com/BetterCallFirewall/Hackerecon/internal/driven/hypothesis.go:42.2,42.64 1 0
github.com/BetterCallFirewall/Hackerecon/internal/driven/hypothesis.go:42.64,47.3 1 0
github.com/BetterCallFirewall/Hackerecon/internal/driven/hypothesis.go:50.2,50.59 1 0
github.com/BetterCallFirewall/Hackerecon/internal/driven/hypothesis.go:50.59,52.3 1 0
github.com/BetterCallFirewall/Hackerecon/internal/driven/hypothesis.go:55.2,73.16 7 0
github.com/BetterCallFirewall/Hackerecon/internal/driven/hypothesis.go:73.16,75.3 1 0
github.com/BetterCallFirewall/Hackerecon/internal/driven/hypothesis.go:78.2,79.33 2 0
github.com/BetterCallFirewall/Hackerecon/internal/driven/hypothesis.go:79.33,82.3 2 0
github.com/BetterCallFirewall/Hackerecon/internal/driven/hypothesis.go:82.8,82.35 1 0
github.com/BetterCallFirewall/Hackerecon/internal/driven/hypothesis.go:82.35,87.3 3 0
github.com/BetterCallFirewall/Hackerecon/internal/driven/hypothesis.go:89.2,89.27 1 0
github.com/BetterCallFirewall/Hackerecon/internal/driven/hypothesis.go:89.27,96.3 2 0
github.com/BetterCallFirewall/Hackerecon/internal/driven/hypothesis.go:98.2,98.18 1 0
github.com/BetterCallFirewall/Hackerecon/internal/driven/hypothesis.go:102.111,105.50 2 0
github.com/BetterCallFirewall/Hackerecon/internal/driven/hypothesis.go:105.50,106.61 1 0
github.com/BetterCallFirewall/Hackerecon/internal/driven/hypothesis.go:106.61,108.4 1 0
github.com/BetterCallFirewall/Hackerecon/internal/driven/hypothesis.go:111.2,111.27 1 0
github.com/BetterCallFirewall/Hackerecon/internal/driven/hypothesis.go:115.100,118.34 2 0
github.com/BetterCallFirewall/Hackerecon/internal/driven/hypothesis.go:118.34,120.3 1 0
github.com/BetterCallFirewall/Hackerecon/internal/driven/hypothesis.go:123.2,123.54 1 0
github.com/BetterCallFirewall/Hackerecon/internal/driven/hypothesis.go:123.54,126.3 2 0
github.com/BetterCallFirewall/Hackerecon/internal/driven/hypothesis.go:129.2,129.53 1 0
github.com/BetterCallFirewall/Hackerecon/internal/driven/hypothesis.go:129.53,132.3 2 0
github.com/BetterCallFirewall/Hackerecon/internal/driven/hypothesis.go:135.2,135.54 1 0
github.com/BetterCallFirewall/Hackerecon/internal/driven/hypothesis.go:135.54,138.3 2 0
github.com/BetterCallFirewall/Hackerecon/internal/driven/hypothesis.go:141.2,141.56 1 0
github.com/BetterCallFirewall/Hackerecon/internal/driven/hypothesis.go:141.56,144.3 2 0
github.com/BetterCallFirewall/Hackerecon/internal/driven/hypothesis.go:147.2,147.53 1 0
github.com/BetterCallFirewall/Hackerecon/internal/driven/hypothesis.go:147.53,150.3 2 0
github.com/BetterCallFirewall/Hackerecon/internal/driven/hypothesis.go:152.2,152.17 1 0
github.com/BetterCallFirewall/Hackerecon/internal/driven/hypothesis.go:156.94,159.24 2 0
github.com/BetterCallFirewall/Hackerecon/internal/driven/hypothesis.go:159.24,161.3 1 0
github.com/BetterCallFirewall/Hackerecon/internal/driven/hypothesis.go:163.2,163.25 1 0
github.com/BetterCallFirewall/Hackerecon/internal/driven/hypothesis.go:163.25,165.3 1 0
github.com/BetterCallFirewall/Hackerecon/internal/driven/hypothesis.go:167.2,167.13 1 0
github.com/BetterCallFirewall/Hackerecon/internal/driven/hypothesis.go:171.90,175.50 3 0
github.com/BetterCallFirewall/Hackerecon/internal/driven/hypothesis.go:175.50,176.30 1 0
github.com/BetterCallFirewall/Hackerecon/internal/driven/hypothesis.go:176.30,178.42 2 0
github.com/BetterCallFirewall/Hackerecon/internal/driven/hypothesis.go:178.42,180.5 1 0
github.com/BetterCallFirewall/Hackerecon/internal/driven/hypothesis.go:184.2,184.21 1 0
github.com/BetterCallFirewall/Hackerecon/internal/driven/hypothesis.go:184.21,186.3 1 0
github.com/BetterCallFirewall/Hackerecon/internal/driven/hypothesis.go:188.2,189.24 2 0
github.com/BetterCallFirewall/Hackerecon/internal/driven/hypothesis.go:189.24,191.3 1 0
github.com/BetterCallFirewall/Hackerecon/internal/driven/hypothesis.go:193.2,193.12 1 0
github.com/BetterCallFirewall/Hackerecon/internal/driven/hypothesis.go:200.3,204.2 3 0
github.com/BetterCallFirewall/Hackerecon/internal/driven/hypothesis.go:207.82,209.24 2 0
github.com/BetterCallFirewall/Hackerecon/internal/driven/hypothesis.go:209.24,211.3 1 0
github.com/BetterCallFirewall/Hackerecon/internal/driven/hypothesis.go:212.2,212.35 1 0
github.com/BetterCallFirewall/Hackerecon/internal/driven/hypothesis.go:216.78,220.38 3 0
github.com/BetterCallFirewall/Hackerecon/internal/driven/hypothesis.go:220.38,221.36 1 0
github.com/BetterCallFirewall/Hackerecon/internal/driven/hypothesis.go:221.36,223.4 1 0
github.com/BetterCallFirewall/Hackerecon/internal/driven/hypothesis.go:226.2,226.15 1 0
github.com/BetterCallFirewall/Hackerecon/internal/utils/request_filter.go:27.40,58.2 1 0
github.com/BetterCallFirewall/Hackerecon/internal/utils/request_filter.go:63.3,68.56 3 0
github.com/BetterCallFirewall/Hackerecon/internal/utils/request_filter.go:68.56,70.3 1 0
github.com/BetterCallFirewall/Hackerecon/internal/utils/request_filter.go:72.2,78.49 3 0
github.com/BetterCallFirewall/Hackerecon/internal/utils/request_filter.go:78.49,81.3 2 0
github.com/BetterCallFirewall/Hackerecon/internal/utils/request_filter.go:83.2,83.27 1 0
github.com/BetterCallFirewall/Hackerecon/internal/utils/request_filter.go:89.3,94.42 3 0
github.com/BetterCallFirewall/Hackerecon/internal/utils/request_filter.go:94.42,95.55 1 0
github.com/BetterCallFirewall/Hackerecon/internal/utils/request_filter.go:95.55,97.4 1 0
github.com/BetterCallFirewall/Hackerecon/internal/utils/request_filter.go:101.2,101.41 1 0
github.com/BetterCallFirewall/Hackerecon/internal/utils/request_filter.go:101.41,102.34 1 0
github.com/BetterCallFirewall/Hackerecon/internal/utils/request_filter.go:102.34,104.4 1 0
github.com/BetterCallFirewall/Hackerecon/internal/utils/request_filter.go:108.2,108.38 1 0
github.com/BetterCallFirewall/Hackerecon/internal/utils/request_filter.go:108.38,109.35 1 0
github.com/BetterCallFirewall/Hackerecon/internal/utils/request_filter.go:109.35,111.4 1 0
github.com/BetterCallFirewall/Hackerecon/internal/utils/request_filter.go:115.2,115.45 1 0
github.com/BetterCallFirewall/Hackerecon/internal/utils/request_filter.go:115.45,116.40 1 0
github.com/BetterCallFirewall/Hackerecon/internal/utils/request_filter.go:116.40,118.4 1 0
github.com/BetterCallFirewall/Hackerecon/internal/utils/request_filter.go:122.2,122.31 1 0
github.com/BetterCallFirewall/Hackerecon/internal/utils/request_filter.go:122.31,124.3 1 0
github.com/BetterCallFirewall/Hackerecon/internal/utils/request_filter.go:127.2,127.45 1 0
github.com/BetterCallFirewall/Hackerecon/internal/utils/request_filter.go:127.45,129.3 1 0
github.com/BetterCallFirewall/Hackerecon/internal/utils/request_filter.go:132.2,132.51 1 0
github.com/BetterCallFirewall/Hackerecon/internal/utils/request_filter.go:132.51,134.3 1 0
github.com/BetterCallFirewall/Hackerecon/internal/utils/request_filter.go:137.2,137.38 1 0
github.com/BetterCallFirewall/Hackerecon/internal/utils/request_filter.go:137.38,139.3 1 0
github.com/BetterCallFirewall/Hackerecon/internal/utils/request_filter.go:142.2,144.46 1 0
github.com/BetterCallFirewall/Hackerecon/internal/utils/request_filter.go:144.46,146.3 1 0
github.com/BetterCallFirewall/Hackerecon/internal/utils/request_filter.go:149.2,149.86 1 0
github.com/BetterCallFirewall/Hackerecon/internal/utils/request_filter.go:149.86,151.3 1 0
github.com/BetterCallFirewall/Hackerecon/internal/utils/request_filter.go:154.2,154.45 1 0
github.com/BetterCallFirewall/Hackerecon/internal/utils/request_filter.go:158.81,159.51 1 0
github.com/BetterCallFirewall/Hackerecon/internal/utils/request_filter.go:159.51,160.37 1 0
github.com/BetterCallFirewall/Hackerecon/internal/utils/request_filter.go:160.37,162.4 1 0
github.com/BetterCallFirewall/Hackerecon/internal/utils/request_filter.go:166.2,166.38 1 0
github.com/BetterCallFirewall/Hackerecon/internal/utils/request_filter.go:166.38,168.3 1 0
github.com/BetterCallFirewall/Hackerecon/internal/utils/request_filter.go:171.2,171.102 1 0
github.com/BetterCallFirewall/Hackerecon/internal/utils/request_filter.go:171.102,173.3 1 0
github.com/BetterCallFirewall/Hackerecon/internal/utils/request_filter.go:175.2,175.14 1 0
github.com/BetterCallFirewall/Hackerecon/internal/utils/request_filter.go:179.61,185.35 2 0
github.com/BetterCallFirewall/Hackerecon/internal/utils/request_filter.go:185.35,186.34 1 0
github.com/BetterCallFirewall/Hackerecon/internal/utils/request_filter.go:186.34,188.4 1 0
github.com/BetterCallFirewall/Hackerecon/internal/utils/request_filter.go:191.2,191.14 1 0
github.com/BetterCallFirewall/Hackerecon/internal/utils/request_filter.go:195.68,197.2 1 0
github.com/BetterCallFirewall/Hackerecon/internal/utils/request_filter.go:200.66,204.44 3 0
github.com/BetterCallFirewall/Hackerecon/internal/utils/request_filter.go:204.44,205.17 1 0
github.com/BetterCallFirewall/Hackerecon/internal/utils/request_filter.go:205.17,207.4 1 0
github.com/BetterCallFirewall/Hackerecon/internal/utils/request_filter.go:210.2,216.3 1 0
github.com/BetterCallFirewall/Hackerecon/internal/utils/request_filter.go:220.78,226.55 3 0
github.com/BetterCallFirewall/Hackerecon/internal/utils/request_filter.go:226.55,228.3 1 0
github.com/BetterCallFirewall/Hackerecon/internal/utils/request_filter.go:230.2,230.51 1 0
github.com/BetterCallFirewall/Hackerecon/internal/utils/request_filter.go:234.41,236.32 1 0
github.com/BetterCallFirewall/Hackerecon/internal/utils/request_filter.go:236.32,241.42 3 0
github.com/BetterCallFirewall/Hackerecon/internal/utils/request_filter.go:241.42,242.19 1 0
github.com/BetterCallFirewall/Hackerecon/internal/utils/request_filter.go:242.19,245.5 2 0
github.com/BetterCallFirewall/Hackerecon/internal/utils/request_filter.go:248.3,248.28 1 0
github.com/BetterCallFirewall/Hackerecon/internal/utils/request_filter.go:253.39,256.2 2 0
github.com/BetterCallFirewall/Hackerecon/internal/utils/tech_detector.go:35.38,39.2 1 0
github.com/BetterCallFirewall/Hackerecon/internal/utils/tech_detector.go:42.114,55.44 3 0
github.com/BetterCallFirewall/Hackerecon/internal/utils/tech_detector.go:55.44,56.30 1 0
github.com/BetterCallFirewall/Hackerecon/internal/utils/tech_detector.go:56.30,57.64 1 0
github.com/BetterCallFirewall/Hackerecon/internal/utils/tech_detector.go:57.64,59.60 1 0
github.com/BetterCallFirewall/Hackerecon/internal/utils/tech_detector.go:59.60,61.6 1 0
github.com/BetterCallFirewall/Hackerecon/internal/utils/tech_detector.go:61.11,63.6 1 0
github.com/BetterCallFirewall/Hackerecon/internal/utils/tech_detector.go:69.2,69.37 1 0
github.com/BetterCallFirewall/Hackerecon/internal/utils/tech_detector.go:69.37,70.24 1 0
github.com/BetterCallFirewall/Hackerecon/internal/utils/tech_detector.go:71.19,72.58 1 0
github.com/BetterCallFirewall/Hackerecon/internal/utils/tech_detector.go:73.18,74.56 1 0
github.com/BetterCallFirewall/Hackerecon/internal/utils/tech_detector.go:75.19,76.58 1 0
github.com/BetterCallFirewall/Hackerecon/internal/utils/tech_detector.go:77.20,78.62 1 0
github.com/BetterCallFirewall/Hackerecon/internal/utils/tech_detector.go:79.17,80.56 1 0
github.com/BetterCallFirewall/Hackerecon/internal/utils/tech_detector.go:81.11,82.52 1 0
github.com/BetterCallFirewall/Hackerecon/internal/utils/tech_detector.go:87.2,89.18 2 0
github.com/BetterCallFirewall/Hackerecon/internal/utils/tech_detector.go:93.122,97.40 3 0
github.com/BetterCallFirewall/Hackerecon/internal/utils/tech_detector.go:97.40,98.71 1 0
github.com/BetterCallFirewall/Hackerecon/internal/utils/tech_detector.go:98.71,101.4 2 0
github.com/BetterCallFirewall/Hackerecon/internal/utils/tech_detector.go:104.2,104.24 1 0
github.com/BetterCallFirewall/Hackerecon/internal/utils/tech_detector.go:104.24,106.3 1 0
github.com/BetterCallFirewall/Hackerecon/internal/utils/tech_detector.go:109.2,110.25 2 0
github.com/BetterCallFirewall/Hackerecon/internal/utils/tech_detector.go:110.25,112.3 1 0
github.com/BetterCallFirewall/Hackerecon/internal/utils/tech_detector.go:114.2,124.19 3 0
github.com/BetterCallFirewall/Hackerecon/internal/utils/tech_detector.go:128.140,129.22 1 0
github.com/BetterCallFirewall/Hackerecon/internal/utils/tech_detector.go:130.16,131.46 1 0
github.com/BetterCallFirewall/Hackerecon/internal/utils/tech_detector.go:132.14,133.44 1 0
github.com/BetterCallFirewall/Hackerecon/internal/utils/tech_detector.go:134.12,135.50 1 0
github.com/BetterCallFirewall/Hackerecon/internal/utils/tech_detector.go:136.16,137.46 1 0
github.com/BetterCallFirewall/Hackerecon/internal/utils/tech_detector.go:138.13,139.55 1 0
github.com/BetterCallFirewall/Hackerecon/internal/utils/tech_detector.go:142.2,142.15 1 0
github.com/BetterCallFirewall/Hackerecon/internal/utils/tech_detector.go:146.114,147.17 1 0
github.com/BetterCallFirewall/Hackerecon/internal/utils/tech_detector.go:147.17,149.3 1 0
github.com/BetterCallFirewall/Hackerecon/internal/utils/tech_detector.go:151.2,152.40 2 0
github.com/BetterCallFirewall/Hackerecon/internal/utils/tech_detector.go:152.40,153.32 1 0
github.com/BetterCallFirewall/Hackerecon/internal/utils/tech_detector.go:153.32,155.4 1 0
github.com/BetterCallFirewall/Hackerecon/internal/utils/tech_detector.go:158.2,158.33 1 0
github.com/BetterCallFirewall/Hackerecon/internal/utils/tech_detector.go:158.33,159.48 1 0
github.com/BetterCallFirewall/Hackerecon/internal/utils/tech_detector.go:159.48,166.4 1 0
github.com/BetterCallFirewall/Hackerecon/internal/utils/tech_detector.go:169.2,169.15 1 0
github.com/BetterCallFirewall/Hackerecon/internal/utils/tech_detector.go:173.104,174.16 1 0
github.com/BetterCallFirewall/Hackerecon/internal/utils/tech_detector.go:174.16,176.3 1 0
github.com/BetterCallFirewall/Hackerecon/internal/utils/tech_detector.go:178.2,178.45 1 0
github.com/BetterCallFirewall/Hackerecon/internal/utils/tech_detector.go:178.45,185.3 1 0
github.com/BetterCallFirewall/Hackerecon/internal/utils/tech_detector.go:187.2,187.15 1 0
github.com/BetterCallFirewall/Hackerecon/internal/utils/tech_detector.go:191.110,192.16 1 0
github.com/BetterCallFirewall/Hackerecon/internal/utils/tech_detector.go:192.16,194.3 1 0
github.com/BetterCallFirewall/Hackerecon/internal/utils/tech_detector.go:196.2,196.45 1 0
github.com/BetterCallFirewall/Hackerecon/internal/utils/tech_detector.go:196.45,203.3 1 0
github.com/BetterCallFirewall/Hackerecon/internal/utils/tech_detector.go:205.2,205.15 1 0
github.com/BetterCallFirewall/Hackerecon/internal/utils/tech_detector.go:209.114,210.17 1 0
github.com/BetterCallFirewall/Hackerecon/internal/utils/tech_detector.go:210.17,212.3 1 0
github.com/BetterCallFirewall/Hackerecon/internal/utils/tech_detector.go:214.2,215.19 2 0
github.com/BetterCallFirewall/Hackerecon/internal/utils/tech_detector.go:215.19,217.3 1 0
github.com/BetterCallFirewall/Hackerecon/internal/utils/tech_detector.go:219.2,219.48 1 0
github.com/BetterCallFirewall/Hackerecon/internal/utils/tech_detector.go:219.48,226.3 1 0
github.com/BetterCallFirewall/Hackerecon/internal/utils/tech_detector.go:228.2,228.15 1 0
github.com/BetterCallFirewall/Hackerecon/internal/utils/tech_detector.go:232.102,233.44 1 0
github.com/BetterCallFirewall/Hackerecon/internal/utils/tech_detector.go:233.44,240.3 1 0
github.com/BetterCallFirewall/Hackerecon/internal/utils/tech_detector.go:242.2,242.15 1 0
github.com/BetterCallFirewall/Hackerecon/internal/utils/tech_detector.go:246.74,247.41 1 0
github.com/BetterCallFirewall/Hackerecon/internal/utils/tech_detector.go:247.41,252.3 3 0
github.com/BetterCallFirewall/Hackerecon/internal/utils/tech_detector.go:252.8,255.3 1 0
github.com/BetterCallFirewall/Hackerecon/internal/utils/tech_detector.go:259.75,264.42 2 0
github.com/BetterCallFirewall/Hackerecon/internal/utils/tech_detector.go:264.42,266.3 1 0
github.com/BetterCallFirewall/Hackerecon/internal/utils/tech_detector.go:269.2,269.95 1 0
github.com/BetterCallFirewall/Hackerecon/internal/utils/tech_detector.go:269.95,271.3 1 0
github.com/BetterCallFirewall/Hackerecon/internal/utils/tech_detector.go:275.75,276.30 1 0
github.com/BetterCallFirewall/Hackerecon/internal/utils/tech_detector.go:276.30,284.37 2 0
github.com/BetterCallFirewall/Hackerecon/internal/utils/tech_detector.go:284.37,285.70 1 0
github.com/BetterCallFirewall/Hackerecon/internal/utils/tech_detector.go:285.70,287.5 1 0
github.com/BetterCallFirewall/Hackerecon/internal/utils/tech_detector.go:291.2,291.11 1 0
github.com/BetterCallFirewall/Hackerecon/internal/utils/tech_detector.go:295.89,308.36 4 0
github.com/BetterCallFirewall/Hackerecon/internal/utils/tech_detector.go:308.36,309.33 1 0
github.com/BetterCallFirewall/Hackerecon/internal/utils/tech_detector.go:309.33,312.4 2 0
github.com/BetterCallFirewall/Hackerecon/internal/utils/tech_detector.go:315.2,315.16 1 0
github.com/BetterCallFirewall/Hackerecon/internal/utils/tech_detector.go:315.16,317.3 1 0
github.com/BetterCallFirewall/Hackerecon/internal/utils/tech_detector.go:319.2,319.31 1 0
github.com/BetterCallFirewall/Hackerecon/internal/utils/tech_detector.go:323.45,455.2 15 0
github.com/BetterCallFirewall/Hackerecon/internal/utils/url_normalizer.go:26.40,110.2 1 1
github.com/BetterCallFirewall/Hackerecon/internal/utils/url_normalizer.go:113.61,116.16 2 1
github.com/BetterCallFirewall/Hackerecon/internal/utils/url_normalizer.go:116.16,118.3 1 0
github.com/BetterCallFirewall/Hackerecon/internal/utils/url_normalizer.go:121.2,122.16 2 1
github.com/BetterCallFirewall/Hackerecon/internal/utils/url_normalizer.go:122.16,124.3 1 0
github.com/BetterCallFirewall/Hackerecon/internal/utils/url_normalizer.go:128.2,137.27 3 1
github.com/BetterCallFirewall/Hackerecon/internal/utils/url_normalizer.go:137.27,141.41 2 1
github.com/BetterCallFirewall/Hackerecon/internal/utils/url_normalizer.go:141.41,144.41 3 1
github.com/BetterCallFirewall/Hackerecon/internal/utils/url_normalizer.go:144.41,145.25 1 1
github.com/BetterCallFirewall/Hackerecon/internal/utils/url_normalizer.go:145.25,146.56 1 1
github.com/BetterCallFirewall/Hackerecon/internal/utils/url_normalizer.go:146.56,148.7 1 0
github.com/BetterCallFirewall/Hackerecon/internal/utils/url_normalizer.go:149.6,149.17 1 1
github.com/BetterCallFirewall/Hackerecon/internal/utils/url_normalizer.go:155.3,155.40 1 1
github.com/BetterCallFirewall/Hackerecon/internal/utils/url_normalizer.go:155.40,156.43 1 1
github.com/BetterCallFirewall/Hackerecon/internal/utils/url_normalizer.go:156.43,157.30 1 1
github.com/BetterCallFirewall/Hackerecon/internal/utils/url_normalizer.go:157.30,158.56 1 1
github.com/BetterCallFirewall/Hackerecon/internal/utils/url_normalizer.go:158.56,160.7 1 0
github.com/BetterCallFirewall/Hackerecon/internal/utils/url_normalizer.go:161.6,161.17 1 1
github.com/BetterCallFirewall/Hackerecon/internal/utils/url_normalizer.go:168.2,169.40 2 1
github.com/BetterCallFirewall/Hackerecon/internal/utils/url_normalizer.go:169.40,170.38 1 1
github.com/BetterCallFirewall/Hackerecon/internal/utils/url_normalizer.go:170.38,173.35 2 1
github.com/BetterCallFirewall/Hackerecon/internal/utils/url_normalizer.go:173.35,174.60 1 1
github.com/BetterCallFirewall/Hackerecon/internal/utils/url_normalizer.go:174.60,175.56 1 1
github.com/BetterCallFirewall/Hackerecon/internal/utils/url_normalizer.go:175.56,177.7 1 0
github.com/BetterCallFirewall/Hackerecon/internal/utils/url_normalizer.go:178.6,178.17 1 1
github.com/BetterCallFirewall/Hackerecon/internal/utils/url_normalizer.go:185.2,187.42 3 1
github.com/BetterCallFirewall/Hackerecon/internal/utils/url_normalizer.go:187.42,188.45 1 1
github.com/BetterCallFirewall/Hackerecon/internal/utils/url_normalizer.go:188.45,189.57 1 1
github.com/BetterCallFirewall/Hackerecon/internal/utils/url_normalizer.go:189.57,191.5 1 1
github.com/BetterCallFirewall/Hackerecon/internal/utils/url_normalizer.go:196.2,196.35 1 1
github.com/BetterCallFirewall/Hackerecon/internal/utils/url_normalizer.go:196.35,197.41 1 1
github.com/BetterCallFirewall/Hackerecon/internal/utils/url_normalizer.go:197.41,202.47 2 1
github.com/BetterCallFirewall/Hackerecon/internal/utils/url_normalizer.go:202.47,204.5 1 0
github.com/BetterCallFirewall/Hackerecon/internal/utils/url_normalizer.go:208.4,208.54 1 1
github.com/BetterCallFirewall/Hackerecon/internal/utils/url_normalizer.go:208.54,210.5 1 0
github.com/BetterCallFirewall/Hackerecon/internal/utils/url_normalizer.go:211.4,211.25 1 1
github.com/BetterCallFirewall/Hackerecon/internal/utils/url_normalizer.go:216.2,216.52 1 1
github.com/BetterCallFirewall/Hackerecon/internal/utils/url_normalizer.go:216.52,218.3 1 0
github.com/BetterCallFirewall/Hackerecon/internal/utils/url_normalizer.go:219.2,219.13 1 1
github.com/BetterCallFirewall/Hackerecon/internal/utils/url_normalizer.go:223.80,225.16 2 0
github.com/BetterCallFirewall/Hackerecon/internal/utils/url_normalizer.go:225.16,227.3 1 0
github.com/BetterCallFirewall/Hackerecon/internal/utils/url_normalizer.go:229.2,238.33 3 0
github.com/BetterCallFirewall/Hackerecon/internal/utils/url_normalizer.go:238.33,239.17 1 0
github.com/BetterCallFirewall/Hackerecon/internal/utils/url_normalizer.go:239.17,240.12 1 0
github.com/BetterCallFirewall/Hackerecon/internal/utils/url_normalizer.go:244.3,246.10 2 0
github.com/BetterCallFirewall/Hackerecon/internal/utils/url_normalizer.go:247.24,249.28 2 0
github.com/BetterCallFirewall/Hackerecon/internal/utils/url_normalizer.go:250.21,252.30 2 0
github.com/BetterCallFirewall/Hackerecon/internal/utils/url_normalizer.go:253.21,255.30 2 0
github.com/BetterCallFirewall/Hackerecon/internal/utils/url_normalizer.go:256.21,258.30 2 0
github.com/BetterCallFirewall/Hackerecon/internal/utils/url_normalizer.go:259.21,261.30 2 0
github.com/BetterCallFirewall/Hackerecon/internal/utils/url_normalizer.go:262.11,264.38 2 0
github.com/BetterCallFirewall/Hackerecon/internal/utils/url_normalizer.go:269.2,269.30 1 0
github.com/BetterCallFirewall/Hackerecon/internal/utils/url_normalizer.go:269.30,272.3 2 0
github.com/BetterCallFirewall/Hackerecon/internal/utils/url_normalizer.go:274.2,274.19 1 0
github.com/BetterCallFirewall/Hackerecon/internal/utils/url_normalizer.go:287.58,293.2 1 1
github.com/BetterCallFirewall/Hackerecon/internal/utils/url_normalizer.go:296.79,304.40 3 1
github.com/BetterCallFirewall/Hackerecon/internal/utils/url_normalizer.go:304.40,306.3 1 1
github.com/BetterCallFirewall/Hackerecon/internal/utils/url_normalizer.go:308.2,308.19 1 1
github.com/BetterCallFirewall/Hackerecon/internal/utils/url_normalizer.go:312.101,316.55 2 1
github.com/BetterCallFirewall/Hackerecon/internal/utils/url_normalizer.go:316.55,317.58 1 1
github.com/BetterCallFirewall/Hackerecon/internal/utils/url_normalizer.go:317.58,319.30 2 1
github.com/BetterCallFirewall/Hackerecon/internal/utils/url_normalizer.go:319.30,320.10 1 0
github.com/BetterCallFirewall/Hackerecon/internal/utils/url_normalizer.go:325.2,325.17 1 1
github.com/BetterCallFirewall/Hackerecon/internal/utils/url_normalizer.go:330.31,333.2 2 0
github.com/BetterCallFirewall/Hackerecon/internal/utils/url_normalizer.go:335.28,338.2 2 0
github.com/BetterCallFirewall/Hackerecon/internal/utils/url_normalizer.go:340.28,343.2 2 0
github.com/BetterCallFirewall/Hackerecon/internal/utils/url_normalizer.go:345.28,349.2 2 0
github.com/BetterCallFirewall/Hackerecon/internal/utils/url_normalizer.go:351.28,356.2 2 0
github.com/BetterCallFirewall/Hackerecon/internal/utils/url_normalizer.go:358.57,360.31 2 0
github.com/BetterCallFirewall/Hackerecon/internal/utils/url_normalizer.go:360.31,362.3 1 0
github.com/BetterCallFirewall/Hackerecon/internal/utils/url_normalizer.go:363.2,363.13 1 0
github.com/BetterCallFirewall/Hackerecon/internal/utils/url_normalizer.go:366.57,373.32 3 1
github.com/BetterCallFirewall/Hackerecon/internal/utils/url_normalizer.go:373.32,375.3 1 0
github.com/BetterCallFirewall/Hackerecon/internal/utils/url_normalizer.go:378.2,378.35 1 1
github.com/BetterCallFirewall/Hackerecon/internal/utils/url_normalizer.go:378.35,379.41 1 1
github.com/BetterCallFirewall/Hackerecon/internal/utils/url_normalizer.go:379.41,380.12 1 0
github.com/BetterCallFirewall/Hackerecon/internal/utils/url_normalizer.go:384.3,385.75 1 1
github.com/BetterCallFirewall/Hackerecon/internal/utils/url_normalizer.go:385.75,386.12 1 1
github.com/BetterCallFirewall/Hackerecon/internal/utils/url_normalizer.go:390.3,390.29 1 1
github.com/BetterCallFirewall/Hackerecon/internal/utils/url_normalizer.go:390.29,392.4 1 0
github.com/BetterCallFirewall/Hackerecon/internal/utils/url_normalizer.go:395.2,395.13 1 1
